15/03
15/03
15/03
15/03
15/03
15/03 funcionando
15/03 funcionando
15/03 funcionando
15/03 funcionando
15/03 funcionando
INFO  15/03 15:21:19 funcionando
INFO  15/03 15:21:19 funcionando
INFO  15/03 15:21:19 funcionando
INFO  15/03 15:21:19 funcionando
INFO  15/03 15:21:19 funcionando
INFO  15/03 15:21:51 funcionando
INFO  15/03 15:21:51 funcionando
INFO  15/03 15:21:51 funcionando
INFO  15/03 15:21:51 funcionando
INFO  15/03 15:21:51 funcionando
INFO  15/03 15:22:11 funcionando
INFO  15/03 15:22:11 funcionando
INFO  15/03 15:22:11 funcionando
INFO  15/03 15:22:11 funcionando
INFO  15/03 15:22:11 funcionando
15/03 15:26:11 INFO  : funcionando
15/03 15:26:11 INFO  : funcionando
15/03 15:26:11 INFO  : funcionando
15/03 15:26:11 INFO  : funcionando
15/03 15:26:11 INFO  : funcionando
15/03 15:53:55 INFO  : funcionando
15/03 15:53:55 INFO  : funcionando
15/03 15:53:55 INFO  : funcionando
15/03 15:53:55 INFO  : funcionando
15/03 15:53:55 INFO  : funcionando
15/03 15:55:56 INFO  : started!...
15/03 15:56:23 INFO  : started!...
15/03 15:56:23 INFO  : finished!
15/03 17:30:02 INFO  : started!...
15/03 17:30:02 INFO  : finished!
15/03 17:32:33 INFO  : started!...
15/03 17:32:33 INFO  : finished!
15/03 17:36:52 INFO  : started!...
15/03 17:36:52 INFO  : finished!
15/03 18:02:40 INFO  : started!...
15/03 18:02:40 INFO  : finished!
15/03 18:03:05 INFO  : started!...
15/03 18:03:05 INFO  : finished!
15/03 18:12:23 INFO  : started!...
15/03 18:12:23 INFO  : finished!
15/03 18:50:46 INFO  : started!...
15/03 18:50:46 INFO  : finished!
15/03 19:58:12 INFO  : 1
15/03 19:58:12 INFO  : started!...
15/03 19:58:12 INFO  : finished!
15/03 19:58:31 INFO  : 0
15/03 19:58:31 INFO  : started!...
15/03 19:58:31 INFO  : finished!
15/03 21:46:22 INFO  : started!...
15/03 21:46:22 INFO  : finished!
15/03 21:48:11 INFO  : started!...
15/03 21:48:11 INFO  : finished!
15/03 21:48:38 INFO  : started!...
15/03 21:48:38 INFO  : 0
15/03 21:48:38 INFO  : finished!
15/03 21:49:08 INFO  : started!...
15/03 21:49:08 INFO  : 0
15/03 21:49:08 INFO  : finished!
15/03 21:49:35 INFO  : started!...
15/03 21:49:35 INFO  : 1
15/03 21:49:35 INFO  : finished!
15/03 21:51:40 INFO  : started!...
15/03 21:51:40 INFO  : 1
15/03 21:51:40 INFO  : finished!
15/03 21:51:56 INFO  : started!...
15/03 21:51:56 INFO  : 0
15/03 21:51:56 INFO  : finished!
15/03 21:53:27 INFO  : started!...
15/03 21:53:27 INFO  : 1
15/03 21:53:27 INFO  : finished!
15/03 21:56:01 INFO  : started!...
15/03 21:56:01 INFO  : finished!
15/03 21:59:56 INFO  : started!...
15/03 21:59:56 INFO  : finished!
16/03 20:05:04 INFO  : started!...
16/03 20:05:04 INFO  : finished!
16/03 20:05:32 INFO  : started!...
16/03 20:05:32 INFO  : finished!
16/03 20:06:06 INFO  : started!...
16/03 20:06:06 INFO  : 4.0 <= 3.0 ?0
16/03 20:06:06 INFO  : copy: 4.0 <= 3.0 ?0
16/03 20:06:06 INFO  : finished!
16/03 20:19:23 INFO  : started!...
16/03 20:19:23 INFO  : 4.0 <= 3.0 ?0
16/03 20:19:23 INFO  : copy: 4.0 <= 3.0 ?0
16/03 20:19:23 INFO  : finished!
21/03 11:36:40 INFO  : started!...
21/03 11:36:40 INFO  : 4.0 <= 3.0 ?0
21/03 11:36:40 INFO  : copy: 4.0 <= 3.0 ?0
21/03 11:36:40 INFO  : finished!
21/03 13:25:36 INFO  : started!...
21/03 13:25:36 INFO  : finished!
21/03 13:26:00 INFO  : started!...
21/03 13:26:00 INFO  : test(3) - 7 = -4 : -4
21/03 13:26:00 INFO  : test2(2) * (test(3) - 7) = -8 : -8
21/03 13:26:00 INFO  : finished!
21/03 13:27:43 INFO  : started!...
21/03 13:27:43 INFO  : test(3) - 7 = -4 : -4
21/03 13:27:43 INFO  : test2(2) * (test(3) - 7) = -8 : -8
21/03 13:27:43 INFO  : ao2 == ao22 ? TRUE : 1
21/03 13:27:43 INFO  : finished!
21/03 13:28:31 INFO  : started!...
21/03 13:28:31 INFO  : test(3) - 7 = -4 : -4
21/03 13:28:31 INFO  : test2(2) * (test(3) - 7) = -8 : -8
21/03 13:28:31 INFO  : ao2 == ao22 ? TRUE : 1
21/03 13:28:31 INFO  : ao2 == ve2 ? FALSE : 0
21/03 13:28:31 INFO  : finished!
21/03 13:32:36 INFO  : started!...
21/03 13:32:36 INFO  : test(3) - 7 = -4 : -4
21/03 13:32:36 INFO  : test2(2) * (test(3) - 7) = -8 : -8
21/03 13:32:36 INFO  : ao2 == ao22 ? TRUE : 1
21/03 13:32:36 INFO  : ao2 == ve2 ? FALSE : 0
21/03 13:32:36 INFO  : test(5) - 7 = -2 ?-2
21/03 13:32:36 INFO  : finished!
21/03 13:37:33 INFO  : started!...
21/03 13:37:33 INFO  : test(3) - 7 = -4 : -4
21/03 13:37:33 INFO  : test2(2) * (test(3) - 7) = -8 : -8
21/03 13:37:33 INFO  : ao2 == ao22 ? TRUE : 1
21/03 13:37:33 INFO  : ao2 == ve2 ? FALSE : 0
21/03 13:37:33 INFO  : test(5) - 7 = -2 ?-2
21/03 13:37:33 INFO  : ao22 == ao22 : 1
21/03 13:37:33 INFO  : finished!
21/03 13:38:06 INFO  : started!...
21/03 13:38:06 INFO  : test(3) - 7 = -4 : -4
21/03 13:38:06 INFO  : test2(2) * (test(3) - 7) = -8 : -8
21/03 13:38:06 INFO  : ao2 == ao22 ? TRUE : 1
21/03 13:38:06 INFO  : ao2 == ve2 ? FALSE : 0
21/03 13:38:06 INFO  : test(5) - 7 = -2 : -2
21/03 13:38:06 INFO  : ao22 == ao22 : 1
21/03 13:38:06 INFO  : finished!
22/03 13:04:27 INFO  : started!...
22/03 13:04:27 INFO  : TEST MATHEMATIC VARIABLE...
22/03 13:04:27 INFO  : test(3) - 7 = -4 : -4
22/03 13:04:27 INFO  : test2(2) * (test(3) - 7) = -8 : -8
22/03 13:04:27 INFO  : ao2 == ao22 ? TRUE : 1
22/03 13:04:27 INFO  : ao2 == ve2 ? FALSE : 0
22/03 13:04:27 INFO  : test(5) - 7 = -2 : -2
22/03 13:04:27 INFO  : ao22 == ao22 : 1
22/03 13:04:27 INFO  : finished!
22/03 13:04:57 INFO  : started!...
22/03 13:04:57 INFO  : TEST COMPARISON VARIABLE...
22/03 13:04:57 INFO  : test(3) >= 7 : 1
22/03 13:04:57 INFO  : test(7) >= 7 : 1
22/03 13:04:57 INFO  : test(7) < test2(2) : 0
22/03 13:04:57 INFO  : !(test(3) >= 7.0) : 0
22/03 13:04:57 INFO  : test(3) >= 1 : 0
22/03 13:04:57 INFO  : (test(3) >= 1) && !(test(3) >= 7) : 0
22/03 13:04:57 INFO  : finished!
22/03 13:09:04 INFO  : started!...
22/03 13:09:04 INFO  : TEST COMPARISON VARIABLE...
22/03 13:09:04 INFO  : test(3) >= 7 : 0
22/03 13:09:04 INFO  : test(7) >= 7 : 1
22/03 13:09:04 INFO  : test(7) < test2(2) : 0
22/03 13:09:04 INFO  : !(test(3) >= 7.0) : 1
22/03 13:09:04 INFO  : test(3) >= 1 : 1
22/03 13:09:04 INFO  : (test(3) >= 1) && !(test(3) >= 7) : 1
22/03 13:09:04 INFO  : finished!
22/03 13:11:04 INFO  : started!...
22/03 13:11:04 INFO  : TEST COMPARISON VARIABLE...
22/03 13:11:04 INFO  : test(3) >= 7 : 0
22/03 13:11:04 INFO  : test(7) >= 7 : 1
22/03 13:11:04 INFO  : test(7) < test2(2) : 0
22/03 13:11:04 INFO  : !(test(3) >= 7.0) : 1
22/03 13:11:04 INFO  : test(3) >= 1 : 1
22/03 13:11:04 INFO  : (test(3) >= 1) && !(test(3) >= 7) : 1
22/03 13:11:04 INFO  : sc1 == sc3 (TRUE) : 0
22/03 13:11:04 INFO  : finished!
22/03 13:11:53 INFO  : started!...
22/03 13:11:53 INFO  : TEST COMPARISON VARIABLE...
22/03 13:11:53 INFO  : test(3) >= 7 : 0
22/03 13:11:53 INFO  : test(7) >= 7 : 1
22/03 13:11:53 INFO  : test(7) < test2(2) : 0
22/03 13:11:53 INFO  : !(test(3) >= 7.0) : 1
22/03 13:11:53 INFO  : test(3) >= 1 : 1
22/03 13:11:53 INFO  : (test(3) >= 1) && !(test(3) >= 7) : 1
22/03 13:11:53 INFO  : sc1 == sc3 (FALSE) : 0
22/03 13:11:53 INFO  : bc == bc (TRUE) : 1
22/03 13:11:53 INFO  : finished!
22/03 13:12:20 INFO  : started!...
22/03 13:12:20 INFO  : TEST COMPARISON VARIABLE...
22/03 13:12:20 INFO  : test(3) >= 7 : 0
22/03 13:12:20 INFO  : test(7) >= 7 : 1
22/03 13:12:20 INFO  : test(7) < test2(2) : 0
22/03 13:12:20 INFO  : !(test(3) >= 7.0) : 1
22/03 13:12:20 INFO  : test(3) >= 1 : 1
22/03 13:12:20 INFO  : (test(3) >= 1) && !(test(3) >= 7) : 1
22/03 13:12:20 INFO  : sc1 == sc3 (FALSE) : 0
22/03 13:12:20 INFO  : bc == bc (TRUE) : 1
22/03 13:12:20 INFO  : sc1 == bc (FALSE) : 0
22/03 13:12:20 INFO  : finished!
04/04 21:17:01 INFO  : started!...
04/04 21:17:01 INFO  : finished!
04/04 21:50:44 INFO  : started!...
04/04 21:50:44 INFO  : se ejecutó
04/04 21:50:44 INFO  : finished!
07/04 18:47:26 INFO  : started!...
07/04 18:47:26 INFO  : abs(3.3):3.3
07/04 18:47:26 INFO  : finished!
07/04 18:48:25 INFO  : started!...
07/04 18:48:25 INFO  : abs(3.3):3.3
07/04 18:48:25 INFO  : finished!
07/04 19:06:02 INFO  : started!...
07/04 19:06:03 INFO  : abs(3.3):3.3
07/04 19:06:03 INFO  : finished!
07/04 19:18:13 INFO  : started!...
07/04 19:18:13 INFO  : finished!
07/04 19:19:44 INFO  : started!...
07/04 19:19:45 INFO  : finished!
07/04 19:26:57 INFO  : started!...
07/04 19:26:57 INFO  : TEST MATHEMATIC VARIABLE...
07/04 19:26:57 INFO  : test(3) - 7 = -4 : -7
07/04 19:26:57 INFO  : test2(2) * (test(3) - 7) = -8 : -0
07/04 19:26:57 INFO  : ao2 == ao22 ? TRUE : 1
07/04 19:26:57 INFO  : ao2 == ve2 ? FALSE : 0
07/04 19:26:57 INFO  : test(5) - 7 = -2 : -2
07/04 19:26:57 INFO  : ao22 == ao22 : 1
07/04 19:26:57 INFO  : finished!
07/04 19:32:56 INFO  : started!...
07/04 19:32:56 INFO  : TEST MATHEMATIC VARIABLE...
07/04 19:32:56 INFO  : test(3) - 7 = -4 : -4
07/04 19:32:56 INFO  : test2(2) * (test(3) - 7) = -8 : -8
07/04 19:32:56 INFO  : ao2 == ao22 ? TRUE : 1
07/04 19:32:56 INFO  : ao2 == ve2 ? FALSE : 0
07/04 19:32:56 INFO  : test(5) - 7 = -2 : -2
07/04 19:32:56 INFO  : ao22 == ao22 : 1
07/04 19:32:56 INFO  : finished!
07/04 19:33:40 INFO  : started!...
07/04 19:33:40 INFO  : Sketching... 1
07/04 19:33:40 INFO  : printing sketch...
07/04 19:33:40 INFO  : finished!
07/04 19:36:51 INFO  : started!...
07/04 19:36:51 INFO  : Sketching... 1
07/04 19:36:51 INFO  : printing sketch...
07/04 19:36:51 INFO  : finished!
07/04 19:39:27 INFO  : started!...
07/04 19:42:21 INFO  : Sketching... 1
07/04 19:42:21 INFO  : printing sketch...
07/04 19:42:21 INFO  : finished!
07/04 20:53:46 INFO  : started!...
07/04 20:53:46 INFO  : printing protocol...
07/04 20:53:46 INFO  : Sketching... 1
07/04 20:53:46 INFO  : printing sketch...
07/04 20:53:46 INFO  : finished!
07/04 20:57:44 INFO  : started!...
07/04 20:57:44 INFO  : printing protocol...
07/04 20:57:44 INFO  : Sketching... 1
07/04 20:57:44 INFO  : printing sketch...
07/04 20:57:44 INFO  : finished!
07/04 21:54:26 INFO  : started!...
07/04 21:54:26 INFO  : printing protocol...
07/04 21:54:26 INFO  : Sketching... 1
07/04 21:54:26 INFO  : printing sketch...
07/04 21:54:26 INFO  : finished!
07/04 21:58:39 INFO  : started!...
07/04 21:58:39 INFO  : printing protocol...
07/04 21:58:39 INFO  : Sketching... 1
07/04 21:58:39 INFO  : printing sketch...
07/04 21:58:39 INFO  : finished!
07/04 22:02:06 INFO  : started!...
07/04 22:02:06 INFO  : printing protocol...
07/04 22:02:06 INFO  : Sketching... 1
07/04 22:02:06 INFO  : printing sketch...
07/04 22:02:06 INFO  : finished!
07/04 22:03:43 INFO  : started!...
07/04 22:03:43 INFO  : printing protocol...
07/04 22:03:43 INFO  : Sketching... 1
07/04 22:03:43 INFO  : printing sketch...
07/04 22:03:43 INFO  : finished!
08/04 13:20:48 INFO  : started!...
08/04 13:20:48 INFO  : printing protocol...
08/04 13:20:48 INFO  : Sketching... 1
08/04 13:20:48 INFO  : printing sketch...
08/04 13:20:48 INFO  : finished!
08/04 13:24:35 INFO  : started!...
08/04 13:24:35 INFO  : printing protocol...
08/04 13:24:35 INFO  : Sketching... 1
08/04 13:24:35 INFO  : printing sketch...
08/04 13:24:35 INFO  : finished!
08/04 13:27:43 INFO  : started!...
08/04 13:27:43 INFO  : printing protocol...
08/04 13:27:43 INFO  : Sketching... 1
08/04 13:27:43 INFO  : printing sketch...
08/04 13:27:43 INFO  : finished!
08/04 14:07:52 INFO  : started!...
08/04 14:09:28 INFO  : printing protocol...
08/04 14:09:28 INFO  : Sketching... 1
08/04 14:09:28 INFO  : printing sketch...
08/04 14:09:28 INFO  : finished!
08/04 14:14:11 INFO  : started!...
08/04 14:14:11 INFO  : finished!
08/04 14:33:44 INFO  : started!...
08/04 14:33:44 INFO  : finished!
08/04 14:36:26 INFO  : started!...
08/04 14:36:26 INFO  : finished!
08/04 14:39:36 INFO  : started!...
08/04 14:39:36 INFO  : finished!
08/04 14:41:29 INFO  : started!...
08/04 14:41:29 INFO  : finished!
08/04 14:49:41 INFO  : started!...
08/04 14:49:41 INFO  : finished!
08/04 14:49:41 INFO  : started!...
08/04 14:49:41 INFO  : finished!
08/04 14:49:41 INFO  : started!...
08/04 14:49:41 INFO  : finished!
08/04 14:53:28 INFO  : started!...
08/04 14:53:28 INFO  : finished!
08/04 14:59:51 INFO  : started!...
08/04 14:59:51 INFO  : printing protocol...
08/04 14:59:51 INFO  : Sketching... 1
08/04 14:59:51 INFO  : printing sketch...
08/04 14:59:51 INFO  : finished!
11/04 13:22:40 INFO  : started!...
11/04 13:22:40 INFO  : printing protocol...
11/04 13:22:40 INFO  : Sketching... 1
11/04 13:22:40 INFO  : printing sketch...
11/04 13:22:40 INFO  : finished!
11/04 20:00:47 INFO  : started!...
11/04 20:00:47 INFO  : printing protocol...
11/04 20:00:47 INFO  : Sketching... 1
11/04 20:00:47 INFO  : printing sketch...
11/04 20:00:47 INFO  : finished!
12/04 21:00:28 INFO  : started!...
12/04 21:00:28 INFO  : printing protocol...
12/04 21:00:28 INFO  : Sketching... 1
12/04 21:00:28 INFO  : printing sketch...
12/04 21:00:29 INFO  : finished!
12/04 21:00:42 INFO  : started!...
12/04 21:00:42 INFO  : printing protocol...
12/04 21:00:42 INFO  : Sketching... 1
12/04 21:00:42 INFO  : printing sketch...
12/04 21:00:42 INFO  : finished!
05/05 13:56:59 INFO  : started!...
05/05 13:56:59 INFO  : printing protocol...
05/05 13:56:59 INFO  : Sketching... 1
05/05 13:56:59 INFO  : printing sketch...
05/05 13:56:59 INFO  : finished!
05/05 14:08:43 INFO  : started!...
05/05 14:08:43 INFO  : printing protocol...
05/05 14:08:43 INFO  : Sketching... 1
05/05 14:08:43 INFO  : printing sketch...
05/05 14:08:43 INFO  : finished!
05/05 14:10:32 INFO  : started!...
05/05 14:10:32 INFO  : printing protocol...
05/05 14:10:32 INFO  : Sketching... 1
05/05 14:10:32 INFO  : printing sketch...
05/05 14:10:32 INFO  : finished!
05/05 14:11:52 INFO  : started!...
05/05 14:11:52 INFO  : printing protocol...
05/05 14:11:52 INFO  : Sketching... 1
05/05 14:11:52 INFO  : printing sketch...
05/05 14:11:52 INFO  : finished!
05/05 14:19:23 INFO  : started!...
05/05 14:19:23 INFO  : printing protocol...
05/05 14:19:23 INFO  : Sketching... 1
05/05 14:19:23 INFO  : printing sketch...
05/05 14:19:23 INFO  : finished!
05/05 14:19:23 INFO  : started!...
05/05 14:19:23 INFO  : printing protocol...
05/05 14:19:23 INFO  : Sketching... 1
05/05 14:19:23 INFO  : printing sketch...
05/05 14:19:23 INFO  : finished!
05/05 14:20:09 INFO  : started!...
05/05 14:20:09 INFO  : printing protocol...
05/05 14:20:09 INFO  : Sketching... 1
05/05 14:20:09 INFO  : printing sketch...
05/05 14:20:09 INFO  : finished!
05/05 14:20:35 INFO  : started!...
05/05 14:20:35 INFO  : printing protocol...
05/05 14:20:35 INFO  : Sketching... 1
05/05 14:20:35 INFO  : printing sketch...
05/05 14:20:35 INFO  : finished!
05/05 14:36:37 INFO  : started!...
05/05 14:36:37 INFO  : printing protocol...
05/05 14:36:37 INFO  : Sketching... 1
05/05 14:36:37 INFO  : printing sketch...
05/05 14:36:37 INFO  : finished!
05/05 14:42:02 INFO  : started!...
05/05 14:42:02 INFO  : printing protocol...
05/05 14:42:02 INFO  : Sketching... 1
05/05 14:42:02 INFO  : printing sketch...
05/05 14:42:02 INFO  : finished!
05/05 16:41:40 INFO  : started!...
05/05 16:41:40 INFO  : printing protocol...
05/05 16:41:40 INFO  : Sketching... 1
05/05 16:41:40 INFO  : printing sketch...
05/05 16:41:40 INFO  : finished!
05/05 16:45:39 INFO  : started!...
05/05 16:45:39 INFO  : has od_Sensor: 1
05/05 16:45:39 INFO  : has od_Sensor: 0
05/05 16:45:39 INFO  : finished!
05/05 16:45:56 INFO  : started!...
05/05 16:45:56 INFO  : has od_Sensor: 1
05/05 16:45:56 INFO  : has od_Sensor: 0
05/05 16:45:56 INFO  : finished!
05/05 16:50:19 INFO  : started!...
05/05 16:50:19 INFO  : has od_Sensor: 1
05/05 16:50:19 INFO  : has od_Sensor: 0
05/05 16:50:19 INFO  : finished!
05/05 16:51:56 INFO  : started!...
05/05 16:51:56 INFO  : has od_Sensor: 1
05/05 16:51:56 INFO  : has od_Sensor: 0
05/05 16:51:56 INFO  : addons output: -8[image="X:\codigo\EvoCoder_Release_v1\EvoCoder\Img\mixer.png"];-8->2;-9[image="X:\codigo\EvoCoder_Release_v1\EvoCoder\Img\light.png"];-9->2;-10[image="X:\codigo\EvoCoder_Release_v1\EvoCoder\Img\temperature.png"];-10->2;
05/05 16:51:56 INFO  : finished!
05/05 17:06:23 INFO  : started!...
05/05 17:06:23 INFO  : has od_Sensor: 4
05/05 17:06:23 INFO  : has od_Sensor: 1
05/05 17:06:23 INFO  : has od_Sensor: 0
05/05 17:06:23 INFO  : finished!
06/05 12:09:59 INFO  : started!...
06/05 12:09:59 INFO  : has od_Sensor: 0
06/05 12:09:59 INFO  : has od_Sensor: 1
06/05 12:09:59 INFO  : has od_Sensor: 0
06/05 12:09:59 INFO  : finished!
06/05 12:13:41 INFO  : started!...
06/05 12:13:41 INFO  : printing protocol...
06/05 12:13:41 INFO  : Sketching... 1
06/05 12:13:41 INFO  : printing sketch...
06/05 12:13:41 INFO  : finished!
06/05 12:26:41 INFO  : started!...
06/05 12:26:41 INFO  : Sketching... 1
06/05 12:26:41 INFO  : finished!
06/05 12:28:17 INFO  : started!...
06/05 12:28:17 INFO  : Sketching... 1
06/05 12:28:17 INFO  : finished!
06/05 12:30:49 INFO  : started!...
06/05 12:30:49 INFO  : Sketching... 1
06/05 12:30:49 INFO  : finished!
06/05 12:45:25 INFO  : started!...
06/05 12:45:25 INFO  : Sketching... 1
06/05 12:45:25 INFO  : finished!
06/05 12:55:52 INFO  : started!...
06/05 12:55:52 INFO  : Sketching... 1
06/05 12:55:52 INFO  : finished!
06/05 12:57:28 INFO  : started!...
06/05 12:57:28 INFO  : Sketching... 1
06/05 12:57:28 INFO  : finished!
06/05 13:02:07 INFO  : started!...
06/05 13:02:07 INFO  : Sketching... 1
06/05 13:02:07 INFO  : finished!
06/05 22:34:00 INFO  : started!...
06/05 22:34:00 INFO  : 1->3
06/05 22:34:00 INFO  : 1->3
06/05 22:34:00 INFO  : TO raro
06/05 22:34:00 INFO  : finished!
06/05 22:35:31 INFO  : started!...
06/05 22:35:31 INFO  : 1->3:2
06/05 22:35:31 INFO  : 1->3:1
06/05 22:35:31 INFO  : TO raro
06/05 22:35:31 INFO  : finished!
06/05 22:37:07 INFO  : started!...
06/05 22:37:07 INFO  : 1->3:1
06/05 22:37:07 INFO  : 1->3:2
06/05 22:37:07 INFO  : TO raro
06/05 22:37:07 INFO  : finished!
06/05 22:38:49 INFO  : started!...
06/05 22:38:49 INFO  : 1->3:1
06/05 22:38:49 INFO  : 1->3:2
06/05 22:38:49 INFO  : TO raro
06/05 22:38:49 INFO  : finished!
06/05 22:43:42 INFO  : started!...
06/05 22:43:42 INFO  : 1->3:1
06/05 22:43:42 INFO  : 1->3:2
06/05 22:43:42 INFO  : TO raro, raro
06/05 22:43:42 INFO  : finished!
07/05 12:26:28 INFO  : started!...
07/05 12:26:28 INFO  : 1->3:1
07/05 12:26:28 INFO  : 1->3:2
07/05 12:26:28 INFO  : TO raro, raro
07/05 12:26:28 INFO  : finished!
07/05 12:28:41 INFO  : started!...
07/05 12:28:41 INFO  : 1->3:1
07/05 12:28:41 INFO  : 1->3:2
07/05 12:28:41 INFO  : TO raro, raro
07/05 12:28:41 INFO  : finished!
07/05 12:29:58 INFO  : started!...
07/05 12:29:58 INFO  : 1->3:1
07/05 12:29:58 INFO  : 1->3:2
07/05 12:29:58 INFO  : TO raro, raro
07/05 12:29:58 INFO  : finished!
07/05 12:31:03 INFO  : started!...
07/05 12:31:03 INFO  : 1->3:1
07/05 12:31:03 INFO  : 1->3:2
07/05 12:31:03 INFO  : TO raro, raro
07/05 12:31:03 INFO  : mas raro raro
07/05 12:31:03 INFO  : finished!
07/05 12:34:56 INFO  : started!...
07/05 12:34:56 INFO  : 1->3:1
07/05 12:34:56 INFO  : 1->3:2
07/05 12:34:56 INFO  : TO raro, raro
07/05 12:34:56 INFO  : mas raro raro
07/05 12:34:56 INFO  : finished!
07/05 12:37:06 INFO  : started!...
07/05 12:37:06 INFO  : 1->3:1
07/05 12:37:06 INFO  : 1->3:2
07/05 12:37:06 INFO  : TO raro, raro
07/05 12:37:06 INFO  : mas raro raro
07/05 12:37:06 INFO  : finished!
07/05 12:47:17 INFO  : started!...
07/05 12:47:17 INFO  : 1->3:1
07/05 12:47:17 INFO  : 1->3:2
07/05 12:47:17 INFO  : TO raro, raro
07/05 12:47:17 INFO  : mas raro raro
07/05 12:47:17 INFO  : finished!
07/05 12:49:40 INFO  : started!...
07/05 12:49:40 INFO  : 1->3:1
07/05 12:49:40 INFO  : 1->3:2
07/05 12:49:40 INFO  : TO raro, raro
07/05 12:49:40 INFO  : mas raro raro
07/05 12:49:40 INFO  : finished!
07/05 13:19:16 INFO  : started!...
07/05 13:19:16 INFO  : 1->3:1
07/05 13:19:16 INFO  : 1->3:2
07/05 13:19:16 INFO  : TO raro, raro
07/05 13:19:16 INFO  : mas raro raro
07/05 13:19:16 INFO  : finished!
07/05 13:21:05 INFO  : started!...
07/05 13:21:05 INFO  : 1->3:1
07/05 13:21:05 INFO  : 1->3:2
07/05 13:21:05 INFO  : TO raro, raro
07/05 13:21:05 INFO  : mas raro raro
07/05 13:21:05 INFO  : finished!
07/05 13:22:42 INFO  : started!...
07/05 13:22:42 INFO  : 1->3:1
07/05 13:22:42 INFO  : 1->3:2
07/05 13:22:42 INFO  : TO raro, raro
07/05 13:22:42 INFO  : mas raro raro
07/05 13:22:42 INFO  : finished!
07/05 13:58:04 INFO  : started!...
07/05 13:58:04 INFO  : printing protocol...
07/05 13:58:04 INFO  : Sketching... 1
07/05 13:58:04 INFO  : printing sketch...
07/05 13:58:04 INFO  : TO raro, raro
07/05 13:58:04 INFO  : mas raro raro
07/05 13:58:04 INFO  : finished!
